{"/mnt/c/Users/jahns/projects/javascript/snek/public/js/draw.js": {"path":"/mnt/c/Users/jahns/projects/javascript/snek/public/js/draw.js","statementMap":{"0":{"start":{"line":3,"column":18},"end":{"line":121,"column":3}},"1":{"start":{"line":4,"column":18},"end":{"line":10,"column":3}},"2":{"start":{"line":5,"column":4},"end":{"line":5,"column":33}},"3":{"start":{"line":6,"column":4},"end":{"line":6,"column":73}},"4":{"start":{"line":8,"column":4},"end":{"line":8,"column":33}},"5":{"start":{"line":9,"column":4},"end":{"line":9,"column":75}},"6":{"start":{"line":11,"column":14},"end":{"line":17,"column":3}},"7":{"start":{"line":12,"column":4},"end":{"line":12,"column":38}},"8":{"start":{"line":13,"column":4},"end":{"line":13,"column":73}},"9":{"start":{"line":15,"column":4},"end":{"line":15,"column":32}},"10":{"start":{"line":16,"column":4},"end":{"line":16,"column":89}},"11":{"start":{"line":18,"column":18},"end":{"line":22,"column":3}},"12":{"start":{"line":19,"column":21},"end":{"line":19,"column":36}},"13":{"start":{"line":20,"column":4},"end":{"line":20,"column":33}},"14":{"start":{"line":21,"column":4},"end":{"line":21,"column":50}},"15":{"start":{"line":23,"column":18},"end":{"line":32,"column":3}},"16":{"start":{"line":24,"column":17},"end":{"line":24,"column":18}},"17":{"start":{"line":25,"column":4},"end":{"line":25,"column":15}},"18":{"start":{"line":26,"column":4},"end":{"line":31,"column":5}},"19":{"start":{"line":26,"column":17},"end":{"line":26,"column":27}},"20":{"start":{"line":27,"column":6},"end":{"line":30,"column":9}},"21":{"start":{"line":33,"column":14},"end":{"line":88,"column":3}},"22":{"start":{"line":34,"column":4},"end":{"line":34,"column":36}},"23":{"start":{"line":35,"column":4},"end":{"line":35,"column":42}},"24":{"start":{"line":36,"column":4},"end":{"line":36,"column":33}},"25":{"start":{"line":37,"column":4},"end":{"line":37,"column":44}},"26":{"start":{"line":39,"column":17},"end":{"line":39,"column":27}},"27":{"start":{"line":40,"column":17},"end":{"line":40,"column":27}},"28":{"start":{"line":41,"column":4},"end":{"line":49,"column":5}},"29":{"start":{"line":42,"column":6},"end":{"line":42,"column":15}},"30":{"start":{"line":43,"column":11},"end":{"line":49,"column":5}},"31":{"start":{"line":44,"column":6},"end":{"line":44,"column":15}},"32":{"start":{"line":45,"column":11},"end":{"line":49,"column":5}},"33":{"start":{"line":46,"column":6},"end":{"line":46,"column":15}},"34":{"start":{"line":47,"column":11},"end":{"line":49,"column":5}},"35":{"start":{"line":48,"column":6},"end":{"line":48,"column":15}},"36":{"start":{"line":51,"column":4},"end":{"line":53,"column":5}},"37":{"start":{"line":52,"column":6},"end":{"line":52,"column":36}},"38":{"start":{"line":54,"column":4},"end":{"line":56,"column":5}},"39":{"start":{"line":55,"column":6},"end":{"line":55,"column":16}},"40":{"start":{"line":57,"column":4},"end":{"line":59,"column":5}},"41":{"start":{"line":58,"column":6},"end":{"line":58,"column":38}},"42":{"start":{"line":60,"column":4},"end":{"line":62,"column":5}},"43":{"start":{"line":61,"column":6},"end":{"line":61,"column":17}},"44":{"start":{"line":64,"column":4},"end":{"line":69,"column":5}},"45":{"start":{"line":65,"column":6},"end":{"line":65,"column":45}},"46":{"start":{"line":66,"column":6},"end":{"line":66,"column":41}},"47":{"start":{"line":67,"column":6},"end":{"line":67,"column":16}},"48":{"start":{"line":68,"column":6},"end":{"line":68,"column":13}},"49":{"start":{"line":70,"column":4},"end":{"line":81,"column":5}},"50":{"start":{"line":71,"column":17},"end":{"line":74,"column":7}},"51":{"start":{"line":75,"column":6},"end":{"line":75,"column":14}},"52":{"start":{"line":76,"column":6},"end":{"line":76,"column":19}},"53":{"start":{"line":78,"column":17},"end":{"line":78,"column":28}},"54":{"start":{"line":79,"column":6},"end":{"line":79,"column":22}},"55":{"start":{"line":80,"column":6},"end":{"line":80,"column":22}},"56":{"start":{"line":82,"column":4},"end":{"line":82,"column":24}},"57":{"start":{"line":83,"column":4},"end":{"line":85,"column":5}},"58":{"start":{"line":83,"column":17},"end":{"line":83,"column":18}},"59":{"start":{"line":84,"column":6},"end":{"line":84,"column":40}},"60":{"start":{"line":86,"column":4},"end":{"line":86,"column":26}},"61":{"start":{"line":87,"column":4},"end":{"line":87,"column":16}},"62":{"start":{"line":89,"column":19},"end":{"line":102,"column":3}},"63":{"start":{"line":90,"column":4},"end":{"line":93,"column":5}},"64":{"start":{"line":94,"column":4},"end":{"line":101,"column":5}},"65":{"start":{"line":94,"column":17},"end":{"line":94,"column":18}},"66":{"start":{"line":95,"column":19},"end":{"line":95,"column":29}},"67":{"start":{"line":96,"column":19},"end":{"line":96,"column":29}},"68":{"start":{"line":97,"column":6},"end":{"line":100,"column":7}},"69":{"start":{"line":98,"column":8},"end":{"line":98,"column":54}},"70":{"start":{"line":99,"column":8},"end":{"line":99,"column":54}},"71":{"start":{"line":103,"column":23},"end":{"line":111,"column":3}},"72":{"start":{"line":104,"column":4},"end":{"line":109,"column":5}},"73":{"start":{"line":104,"column":17},"end":{"line":104,"column":18}},"74":{"start":{"line":105,"column":6},"end":{"line":108,"column":7}},"75":{"start":{"line":106,"column":8},"end":{"line":106,"column":15}},"76":{"start":{"line":107,"column":8},"end":{"line":107,"column":20}},"77":{"start":{"line":110,"column":4},"end":{"line":110,"column":17}},"78":{"start":{"line":112,"column":13},"end":{"line":117,"column":3}},"79":{"start":{"line":113,"column":4},"end":{"line":113,"column":24}},"80":{"start":{"line":114,"column":4},"end":{"line":114,"column":16}},"81":{"start":{"line":115,"column":4},"end":{"line":115,"column":17}},"82":{"start":{"line":116,"column":4},"end":{"line":116,"column":38}},"83":{"start":{"line":118,"column":2},"end":{"line":120,"column":4}},"84":{"start":{"line":123,"column":0},"end":{"line":123,"column":28}}},"fnMap":{"0":{"name":"(anonymous_0)","decl":{"start":{"line":3,"column":18},"end":{"line":3,"column":19}},"loc":{"start":{"line":3,"column":30},"end":{"line":121,"column":1}},"line":3},"1":{"name":"(anonymous_1)","decl":{"start":{"line":4,"column":18},"end":{"line":4,"column":19}},"loc":{"start":{"line":4,"column":34},"end":{"line":10,"column":3}},"line":4},"2":{"name":"(anonymous_2)","decl":{"start":{"line":11,"column":14},"end":{"line":11,"column":15}},"loc":{"start":{"line":11,"column":30},"end":{"line":17,"column":3}},"line":11},"3":{"name":"(anonymous_3)","decl":{"start":{"line":18,"column":18},"end":{"line":18,"column":19}},"loc":{"start":{"line":18,"column":30},"end":{"line":22,"column":3}},"line":18},"4":{"name":"(anonymous_4)","decl":{"start":{"line":23,"column":18},"end":{"line":23,"column":19}},"loc":{"start":{"line":23,"column":30},"end":{"line":32,"column":3}},"line":23},"5":{"name":"(anonymous_5)","decl":{"start":{"line":33,"column":14},"end":{"line":33,"column":15}},"loc":{"start":{"line":33,"column":26},"end":{"line":88,"column":3}},"line":33},"6":{"name":"(anonymous_6)","decl":{"start":{"line":89,"column":19},"end":{"line":89,"column":20}},"loc":{"start":{"line":89,"column":31},"end":{"line":102,"column":3}},"line":89},"7":{"name":"(anonymous_7)","decl":{"start":{"line":103,"column":23},"end":{"line":103,"column":24}},"loc":{"start":{"line":103,"column":46},"end":{"line":111,"column":3}},"line":103},"8":{"name":"(anonymous_8)","decl":{"start":{"line":112,"column":13},"end":{"line":112,"column":14}},"loc":{"start":{"line":112,"column":25},"end":{"line":117,"column":3}},"line":112}},"branchMap":{"0":{"loc":{"start":{"line":41,"column":4},"end":{"line":49,"column":5}},"type":"if","locations":[{"start":{"line":41,"column":4},"end":{"line":49,"column":5}},{"start":{"line":41,"column":4},"end":{"line":49,"column":5}}],"line":41},"1":{"loc":{"start":{"line":43,"column":11},"end":{"line":49,"column":5}},"type":"if","locations":[{"start":{"line":43,"column":11},"end":{"line":49,"column":5}},{"start":{"line":43,"column":11},"end":{"line":49,"column":5}}],"line":43},"2":{"loc":{"start":{"line":45,"column":11},"end":{"line":49,"column":5}},"type":"if","locations":[{"start":{"line":45,"column":11},"end":{"line":49,"column":5}},{"start":{"line":45,"column":11},"end":{"line":49,"column":5}}],"line":45},"3":{"loc":{"start":{"line":47,"column":11},"end":{"line":49,"column":5}},"type":"if","locations":[{"start":{"line":47,"column":11},"end":{"line":49,"column":5}},{"start":{"line":47,"column":11},"end":{"line":49,"column":5}}],"line":47},"4":{"loc":{"start":{"line":51,"column":4},"end":{"line":53,"column":5}},"type":"if","locations":[{"start":{"line":51,"column":4},"end":{"line":53,"column":5}},{"start":{"line":51,"column":4},"end":{"line":53,"column":5}}],"line":51},"5":{"loc":{"start":{"line":54,"column":4},"end":{"line":56,"column":5}},"type":"if","locations":[{"start":{"line":54,"column":4},"end":{"line":56,"column":5}},{"start":{"line":54,"column":4},"end":{"line":56,"column":5}}],"line":54},"6":{"loc":{"start":{"line":57,"column":4},"end":{"line":59,"column":5}},"type":"if","locations":[{"start":{"line":57,"column":4},"end":{"line":59,"column":5}},{"start":{"line":57,"column":4},"end":{"line":59,"column":5}}],"line":57},"7":{"loc":{"start":{"line":60,"column":4},"end":{"line":62,"column":5}},"type":"if","locations":[{"start":{"line":60,"column":4},"end":{"line":62,"column":5}},{"start":{"line":60,"column":4},"end":{"line":62,"column":5}}],"line":60},"8":{"loc":{"start":{"line":64,"column":4},"end":{"line":69,"column":5}},"type":"if","locations":[{"start":{"line":64,"column":4},"end":{"line":69,"column":5}},{"start":{"line":64,"column":4},"end":{"line":69,"column":5}}],"line":64},"9":{"loc":{"start":{"line":70,"column":4},"end":{"line":81,"column":5}},"type":"if","locations":[{"start":{"line":70,"column":4},"end":{"line":81,"column":5}},{"start":{"line":70,"column":4},"end":{"line":81,"column":5}}],"line":70},"10":{"loc":{"start":{"line":70,"column":8},"end":{"line":70,"column":44}},"type":"binary-expr","locations":[{"start":{"line":70,"column":8},"end":{"line":70,"column":24}},{"start":{"line":70,"column":28},"end":{"line":70,"column":44}}],"line":70},"11":{"loc":{"start":{"line":97,"column":6},"end":{"line":100,"column":7}},"type":"if","locations":[{"start":{"line":97,"column":6},"end":{"line":100,"column":7}},{"start":{"line":97,"column":6},"end":{"line":100,"column":7}}],"line":97},"12":{"loc":{"start":{"line":97,"column":10},"end":{"line":97,"column":90}},"type":"binary-expr","locations":[{"start":{"line":97,"column":10},"end":{"line":97,"column":27}},{"start":{"line":97,"column":31},"end":{"line":97,"column":48}},{"start":{"line":97,"column":52},"end":{"line":97,"column":69}},{"start":{"line":97,"column":73},"end":{"line":97,"column":90}}],"line":97},"13":{"loc":{"start":{"line":105,"column":6},"end":{"line":108,"column":7}},"type":"if","locations":[{"start":{"line":105,"column":6},"end":{"line":108,"column":7}},{"start":{"line":105,"column":6},"end":{"line":108,"column":7}}],"line":105},"14":{"loc":{"start":{"line":105,"column":10},"end":{"line":105,"column":46}},"type":"binary-expr","locations":[{"start":{"line":105,"column":10},"end":{"line":105,"column":26}},{"start":{"line":105,"column":30},"end":{"line":105,"column":46}}],"line":105}},"s":{"0":1,"1":1,"2":0,"3":0,"4":0,"5":0,"6":1,"7":0,"8":0,"9":0,"10":0,"11":1,"12":0,"13":0,"14":0,"15":1,"16":0,"17":0,"18":0,"19":0,"20":0,"21":1,"22":0,"23":0,"24":0,"25":0,"26":0,"27":0,"28":0,"29":0,"30":0,"31":0,"32":0,"33":0,"34":0,"35":0,"36":0,"37":0,"38":0,"39":0,"40":0,"41":0,"42":0,"43":0,"44":0,"45":0,"46":0,"47":0,"48":0,"49":0,"50":0,"51":0,"52":0,"53":0,"54":0,"55":0,"56":0,"57":0,"58":0,"59":0,"60":0,"61":0,"62":1,"63":0,"64":0,"65":0,"66":0,"67":0,"68":0,"69":0,"70":0,"71":1,"72":0,"73":0,"74":0,"75":0,"76":0,"77":0,"78":1,"79":0,"80":0,"81":0,"82":0,"83":1,"84":1},"f":{"0":1,"1":0,"2":0,"3":0,"4":0,"5":0,"6":0,"7":0,"8":0},"b":{"0":[0,0],"1":[0,0],"2":[0,0],"3":[0,0],"4":[0,0],"5":[0,0],"6":[0,0],"7":[0,0],"8":[0,0],"9":[0,0],"10":[0,0],"11":[0,0],"12":[0,0,0,0],"13":[0,0],"14":[0,0]},"_coverageSchema":"43e27e138ebf9cfc5966b082cf9a028302ed4184","hash":"fc7d9b29ba94e835960c833dfeae23d9693734c9"}
}
